<?xml version="1.0" encoding="UTF-8"?>
<testsuite name="nl.ordina.jtechnologies.wscursus.NawImplIT" time="0.167" tests="5" errors="5" skipped="0" failures="0">
  <properties>
    <property name="java.vendor" value="Oracle Corporation"/>
    <property name="sun.java.launcher" value="SUN_STANDARD"/>
    <property name="catalina.base" value="C:\Users\rjo19873\AppData\Local\Temp\gfembed327209652612663023tmp"/>
    <property name="sun.management.compiler" value="HotSpot 64-Bit Tiered Compilers"/>
    <property name="catalina.useNaming" value="false"/>
    <property name="os.name" value="Windows 7"/>
    <property name="sun.boot.class.path" value="c:\wscursus\software\jdk1.7.0_09\jre\lib\resources.jar;c:\wscursus\software\jdk1.7.0_09\jre\lib\rt.jar;c:\wscursus\software\jdk1.7.0_09\jre\lib\sunrsasign.jar;c:\wscursus\software\jdk1.7.0_09\jre\lib\jsse.jar;c:\wscursus\software\jdk1.7.0_09\jre\lib\jce.jar;c:\wscursus\software\jdk1.7.0_09\jre\lib\charsets.jar;c:\wscursus\software\jdk1.7.0_09\jre\lib\jfr.jar;c:\wscursus\software\jdk1.7.0_09\jre\classes"/>
    <property name="javax.security.jacc.PolicyConfigurationFactory.provider" value="com.sun.enterprise.security.jacc.provider.SimplePolicyConfigurationFactory"/>
    <property name="user.country.format" value="NL"/>
    <property name="sun.desktop" value="windows"/>
    <property name="java.vm.specification.vendor" value="Oracle Corporation"/>
    <property name="java.runtime.version" value="1.7.0_09-b05"/>
    <property name="javax.net.ssl.keyStore" value="C:\Users\rjo19873\AppData\Local\Temp\gfembed327209652612663023tmp/config/keystore.jks"/>
    <property name="user.name" value="rjo19873"/>
    <property name="web.home" value="C:\Users\rjo19873\AppData\Local\Temp\gfembed327209652612663023tmp\modules\web"/>
    <property name="shared.loader" value="${catalina.home}/shared/classes,${catalina.home}/shared/lib/*.jar"/>
    <property name="user.language.format" value="nl"/>
    <property name="guice.disable.misplaced.annotation.check" value="true"/>
    <property name="user.language" value="en"/>
    <property name="sun.boot.library.path" value="c:\wscursus\software\jdk1.7.0_09\jre\bin"/>
    <property name="com.sun.aas.javaRoot" value="c:\wscursus\software\jdk1.7.0_09\jre"/>
    <property name="classworlds.conf" value="c:\wscursus\software\apache-maven-3.0.5\bin\m2.conf"/>
    <property name="java.version" value="1.7.0_09"/>
    <property name="com.sun.aas.instanceRootURI" value="file:/C:/Users/rjo19873/AppData/Local/Temp/gfembed327209652612663023tmp/"/>
    <property name="user.timezone" value="Europe/Berlin"/>
    <property name="sun.arch.data.model" value="64"/>
    <property name="webservices.home" value="C:\Users\rjo19873\AppData\Local\Temp\gfembed327209652612663023tmp\modules\webservices"/>
    <property name="javax.rmi.CORBA.UtilClass" value="com.sun.corba.ee.impl.javax.rmi.CORBA.Util"/>
    <property name="java.endorsed.dirs" value="c:\wscursus\software\jdk1.7.0_09\jre\lib\endorsed"/>
    <property name="com.sun.aas.installRoot" value="C:\Users\rjo19873\AppData\Local\Temp\gfembed327209652612663023tmp"/>
    <property name="sun.cpu.isalist" value="amd64"/>
    <property name="sun.jnu.encoding" value="Cp1252"/>
    <property name="file.encoding.pkg" value="sun.io"/>
    <property name="package.access" value=""/>
    <property name="file.separator" value="\"/>
    <property name="java.specification.name" value="Java Platform API Specification"/>
    <property name="java.class.version" value="51.0"/>
    <property name="user.country" value="US"/>
    <property name="java.home" value="c:\wscursus\software\jdk1.7.0_09\jre"/>
    <property name="java.vm.info" value="mixed mode"/>
    <property name="os.version" value="6.1"/>
    <property name="com.sun.aas.productRoot" value="C:\Users\rjo19873\AppData\Local\Temp"/>
    <property name="org.omg.CORBA.ORBSingletonClass" value="com.sun.corba.ee.impl.orb.ORBSingleton"/>
    <property name="com.sun.aas.installRootURI" value="file:/C:/Users/rjo19873/AppData/Local/Temp/gfembed327209652612663023tmp/"/>
    <property name="path.separator" value=";"/>
    <property name="java.vm.version" value="23.5-b02"/>
    <property name="user.variant" value=""/>
    <property name="java.awt.printerjob" value="sun.awt.windows.WPrinterJob"/>
    <property name="sun.io.unicode.encoding" value="UnicodeLittle"/>
    <property name="com.sun.aas.hostName" value="BA91-CNU2032MDM.work.local"/>
    <property name="awt.toolkit" value="sun.awt.windows.WToolkit"/>
    <property name="package.definition" value=""/>
    <property name="user.script" value=""/>
    <property name="user.home" value="D:\Data\rjo19873"/>
    <property name="com.sun.aas.instanceName" value="server"/>
    <property name="com.sun.aas.configRoot" value="C:\Users\rjo19873\AppData\Local\Temp\gfembed327209652612663023tmp\config"/>
    <property name="java.specification.vendor" value="Oracle Corporation"/>
    <property name="java.library.path" value="c:\wscursus\software\jdk1.7.0_09\bin;C:\Windows\Sun\Java\bin;C:\Windows\system32;C:\Windows;.;c:\wscursus;c:\wscursus\software\subversion;c:\wscursus\software\jdk1.7.0_09\bin;c:\wscursus\software\eclipse;c:\wscursus\software\soapui-4.5.1\bin;c:\wscursus\software\glassfish3\bin;c:\wscursus\software\apache-maven-3.0.5\bin;.;c:\wscursus;c:\wscursus\software\subversion;c:\wscursus\software\jdk1.7.0_09\bin;c:\wscursus\software\eclipse;c:\wscursus\software\soapui-4.5.1\bin;c:\wscursus\software\glassfish3\bin;c:\wscursus\software\apache-maven-3.0.5\bin;.;c:\wscursus;c:\wscursus\software\subversion;c:\wscursus\software\jdk1.7.0_09\bin;c:\wscursus\software\eclipse;c:\wscursus\software\soapui-4.5.1\bin;c:\wscursus\software\glassfish3\bin;c:\wscursus\software\apache-maven-3.0.5\bin;D:\Progra~1\OracleXE\app\oracle\product\11.2.0\server\bin;C:\Windows\system32;C:\Windows;C:\Windows\System32\Wbem;C:\Windows\System32\WindowsPowerShell\v1.0\;C:\Program Files (x86)\Microsoft Application Virtualization Client;C:\Program Files (x86)\ManageSoft\Common;C:\Program Files\Java\jdk1.7.0_03\bin;D:\Program Files\maven-3.0.4\bin;C:\Program Files (x86)\Android\android-sdk\platform-tools;C:\Program Files (x86)\Microsoft SQL Server\100\Tools\Binn\;C:\Program Files\Microsoft SQL Server\100\Tools\Binn\;C:\Program Files\Microsoft SQL Server\100\DTS\Binn\;C:\Program Files (x86)\scala\\bin;C:\Program Files (x86)\Calibre2\;C:\Program Files (x86)\sbt\;D:\Progra~1\Groovy-2.0.5\bin;C:\Program Files\TortoiseSVN\bin;C:\Program Files\SlikSvn\bin;."/>
    <property name="java.vendor.url" value="http://java.oracle.com/"/>
    <property name="javax.rmi.CORBA.StubClass" value="com.sun.corba.ee.impl.javax.rmi.CORBA.StubDelegateImpl"/>
    <property name="java.vm.vendor" value="Oracle Corporation"/>
    <property name="common.loader" value="${catalina.home}/common/classes,${catalina.home}/common/endorsed/*.jar,${catalina.home}/common/lib/*.jar"/>
    <property name="maven.home" value="c:\wscursus\software\apache-maven-3.0.5"/>
    <property name="java.runtime.name" value="Java(TM) SE Runtime Environment"/>
    <property name="sun.java.command" value="org.codehaus.plexus.classworlds.launcher.Launcher -s C:\wscursus\software\apache-maven-3.0.5\conf\settings.xml clean install"/>
    <property name="security.home" value="C:\Users\rjo19873\AppData\Local\Temp\gfembed327209652612663023tmp\modules\security"/>
    <property name="java.class.path" value="C:\wscursus\workspace\opdracht4\target\classes;C:\wscursus\m2_repo\nl\ordina\jtechnologies\wscursus\naw\1.1-SNAPSHOT\naw-1.1-SNAPSHOT.jar;"/>
    <property name="org.glassfish.jms.InitializeOnDemand" value="true"/>
    <property name="java.vm.specification.name" value="Java Virtual Machine Specification"/>
    <property name="java.vm.specification.version" value="1.7"/>
    <property name="catalina.home" value="C:\Users\rjo19873\AppData\Local\Temp\gfembed327209652612663023tmp"/>
    <property name="javax.rmi.CORBA.PortableRemoteObjectClass" value="com.sun.corba.ee.impl.javax.rmi.PortableRemoteObject"/>
    <property name="sun.os.patch.level" value="Service Pack 1"/>
    <property name="sun.cpu.endian" value="little"/>
    <property name="java.io.tmpdir" value="C:\Users\rjo19873\AppData\Local\Temp\"/>
    <property name="com.sun.aas.imqLib" value="C:\Users\rjo19873\AppData\Local\Temp\gfembed327209652612663023tmp\lib\install\applications\jmsra"/>
    <property name="java.vendor.url.bug" value="http://bugreport.sun.com/bugreport/"/>
    <property name="server.loader" value="${catalina.home}/server/classes,${catalina.home}/server/lib/*.jar"/>
    <property name="java.awt.graphicsenv" value="sun.awt.Win32GraphicsEnvironment"/>
    <property name="os.arch" value="amd64"/>
    <property name="java.ext.dirs" value="c:\wscursus\software\jdk1.7.0_09\jre\lib\ext;C:\Windows\Sun\Java\lib\ext"/>
    <property name="user.dir" value="C:\wscursus\workspace\opdracht4"/>
    <property name="com.sun.aas.instanceRoot" value="C:\Users\rjo19873\AppData\Local\Temp\gfembed327209652612663023tmp"/>
    <property name="line.separator" value="&#10;"/>
    <property name="java.vm.name" value="Java HotSpot(TM) 64-Bit Server VM"/>
    <property name="glassfish.version" value="GlassFish Server Open Source Edition 3.1.1 (build 12)"/>
    <property name="file.encoding" value="Cp1252"/>
    <property name="org.omg.CORBA.ORBClass" value="com.sun.corba.ee.impl.orb.ORBImpl"/>
    <property name="java.specification.version" value="1.7"/>
    <property name="javax.net.ssl.trustStore" value="C:\Users\rjo19873\AppData\Local\Temp\gfembed327209652612663023tmp/config/cacerts.jks"/>
  </properties>
  <testcase name="create" classname="nl.ordina.jtechnologies.wscursus.NawImplIT" time="0.132">
    <error message="Failed to access the WSDL at: http://localhost:8080/opdracht4/NawService?wsdl. It failed with: &#10;	Got http://localhost:8080/opdracht4/NawService?wsdl while opening stream from http://localhost:8080/opdracht4/NawService?wsdl." type="javax.xml.ws.WebServiceException"><![CDATA[javax.xml.ws.WebServiceException: Failed to access the WSDL at: http://localhost:8080/opdracht4/NawService?wsdl. It failed with: 
	Got http://localhost:8080/opdracht4/NawService?wsdl while opening stream from http://localhost:8080/opdracht4/NawService?wsdl.
	at sun.net.www.protocol.http.HttpURLConnection.getInputStream(HttpURLConnection.java:1613)
	at java.net.URL.openStream(URL.java:1037)
	at com.sun.xml.internal.ws.wsdl.parser.RuntimeWSDLParser.createReader(RuntimeWSDLParser.java:827)
	at com.sun.xml.internal.ws.wsdl.parser.RuntimeWSDLParser.resolveWSDL(RuntimeWSDLParser.java:283)
	at com.sun.xml.internal.ws.wsdl.parser.RuntimeWSDLParser.parse(RuntimeWSDLParser.java:140)
	at com.sun.xml.internal.ws.wsdl.parser.RuntimeWSDLParser.parse(RuntimeWSDLParser.java:120)
	at com.sun.xml.internal.ws.client.WSServiceDelegate.parseWSDL(WSServiceDelegate.java:260)
	at com.sun.xml.internal.ws.client.WSServiceDelegate.<init>(WSServiceDelegate.java:223)
	at com.sun.xml.internal.ws.client.WSServiceDelegate.<init>(WSServiceDelegate.java:171)
	at com.sun.xml.internal.ws.spi.ProviderImpl.createServiceDelegate(ProviderImpl.java:96)
	at javax.xml.ws.Service.<init>(Service.java:77)
	at javax.xml.ws.Service.create(Service.java:707)
	at nl.ordina.jtechnologies.wscursus.NawImplIT.doCreate(NawImplIT.java:79)
	at nl.ordina.jtechnologies.wscursus.NawImplIT.create(NawImplIT.java:74)
]]></error>
  </testcase>
  <testcase name="delete" classname="nl.ordina.jtechnologies.wscursus.NawImplIT" time="0.007">
    <error message="Failed to access the WSDL at: http://localhost:8080/opdracht4/NawService?wsdl. It failed with: &#10;	Got http://localhost:8080/opdracht4/NawService?wsdl while opening stream from http://localhost:8080/opdracht4/NawService?wsdl." type="javax.xml.ws.WebServiceException"><![CDATA[javax.xml.ws.WebServiceException: Failed to access the WSDL at: http://localhost:8080/opdracht4/NawService?wsdl. It failed with: 
	Got http://localhost:8080/opdracht4/NawService?wsdl while opening stream from http://localhost:8080/opdracht4/NawService?wsdl.
	at sun.net.www.protocol.http.HttpURLConnection.getInputStream(HttpURLConnection.java:1613)
	at java.net.URL.openStream(URL.java:1037)
	at com.sun.xml.internal.ws.wsdl.parser.RuntimeWSDLParser.createReader(RuntimeWSDLParser.java:827)
	at com.sun.xml.internal.ws.wsdl.parser.RuntimeWSDLParser.resolveWSDL(RuntimeWSDLParser.java:283)
	at com.sun.xml.internal.ws.wsdl.parser.RuntimeWSDLParser.parse(RuntimeWSDLParser.java:140)
	at com.sun.xml.internal.ws.wsdl.parser.RuntimeWSDLParser.parse(RuntimeWSDLParser.java:120)
	at com.sun.xml.internal.ws.client.WSServiceDelegate.parseWSDL(WSServiceDelegate.java:260)
	at com.sun.xml.internal.ws.client.WSServiceDelegate.<init>(WSServiceDelegate.java:223)
	at com.sun.xml.internal.ws.client.WSServiceDelegate.<init>(WSServiceDelegate.java:171)
	at com.sun.xml.internal.ws.spi.ProviderImpl.createServiceDelegate(ProviderImpl.java:96)
	at javax.xml.ws.Service.<init>(Service.java:77)
	at javax.xml.ws.Service.create(Service.java:707)
	at nl.ordina.jtechnologies.wscursus.NawImplIT.doCreate(NawImplIT.java:79)
	at nl.ordina.jtechnologies.wscursus.NawImplIT.delete(NawImplIT.java:199)
]]></error>
  </testcase>
  <testcase name="update" classname="nl.ordina.jtechnologies.wscursus.NawImplIT" time="0.007">
    <error message="Failed to access the WSDL at: http://localhost:8080/opdracht4/NawService?wsdl. It failed with: &#10;	Got http://localhost:8080/opdracht4/NawService?wsdl while opening stream from http://localhost:8080/opdracht4/NawService?wsdl." type="javax.xml.ws.WebServiceException"><![CDATA[javax.xml.ws.WebServiceException: Failed to access the WSDL at: http://localhost:8080/opdracht4/NawService?wsdl. It failed with: 
	Got http://localhost:8080/opdracht4/NawService?wsdl while opening stream from http://localhost:8080/opdracht4/NawService?wsdl.
	at sun.net.www.protocol.http.HttpURLConnection.getInputStream(HttpURLConnection.java:1613)
	at java.net.URL.openStream(URL.java:1037)
	at com.sun.xml.internal.ws.wsdl.parser.RuntimeWSDLParser.createReader(RuntimeWSDLParser.java:827)
	at com.sun.xml.internal.ws.wsdl.parser.RuntimeWSDLParser.resolveWSDL(RuntimeWSDLParser.java:283)
	at com.sun.xml.internal.ws.wsdl.parser.RuntimeWSDLParser.parse(RuntimeWSDLParser.java:140)
	at com.sun.xml.internal.ws.wsdl.parser.RuntimeWSDLParser.parse(RuntimeWSDLParser.java:120)
	at com.sun.xml.internal.ws.client.WSServiceDelegate.parseWSDL(WSServiceDelegate.java:260)
	at com.sun.xml.internal.ws.client.WSServiceDelegate.<init>(WSServiceDelegate.java:223)
	at com.sun.xml.internal.ws.client.WSServiceDelegate.<init>(WSServiceDelegate.java:171)
	at com.sun.xml.internal.ws.spi.ProviderImpl.createServiceDelegate(ProviderImpl.java:96)
	at javax.xml.ws.Service.<init>(Service.java:77)
	at javax.xml.ws.Service.create(Service.java:707)
	at nl.ordina.jtechnologies.wscursus.NawImplIT.doCreate(NawImplIT.java:79)
	at nl.ordina.jtechnologies.wscursus.NawImplIT.update(NawImplIT.java:241)
]]></error>
  </testcase>
  <testcase name="read" classname="nl.ordina.jtechnologies.wscursus.NawImplIT" time="0.011">
    <error message="Failed to access the WSDL at: http://localhost:8080/opdracht4/NawService?wsdl. It failed with: &#10;	Got http://localhost:8080/opdracht4/NawService?wsdl while opening stream from http://localhost:8080/opdracht4/NawService?wsdl." type="javax.xml.ws.WebServiceException"><![CDATA[javax.xml.ws.WebServiceException: Failed to access the WSDL at: http://localhost:8080/opdracht4/NawService?wsdl. It failed with: 
	Got http://localhost:8080/opdracht4/NawService?wsdl while opening stream from http://localhost:8080/opdracht4/NawService?wsdl.
	at sun.net.www.protocol.http.HttpURLConnection.getInputStream(HttpURLConnection.java:1613)
	at java.net.URL.openStream(URL.java:1037)
	at com.sun.xml.internal.ws.wsdl.parser.RuntimeWSDLParser.createReader(RuntimeWSDLParser.java:827)
	at com.sun.xml.internal.ws.wsdl.parser.RuntimeWSDLParser.resolveWSDL(RuntimeWSDLParser.java:283)
	at com.sun.xml.internal.ws.wsdl.parser.RuntimeWSDLParser.parse(RuntimeWSDLParser.java:140)
	at com.sun.xml.internal.ws.wsdl.parser.RuntimeWSDLParser.parse(RuntimeWSDLParser.java:120)
	at com.sun.xml.internal.ws.client.WSServiceDelegate.parseWSDL(WSServiceDelegate.java:260)
	at com.sun.xml.internal.ws.client.WSServiceDelegate.<init>(WSServiceDelegate.java:223)
	at com.sun.xml.internal.ws.client.WSServiceDelegate.<init>(WSServiceDelegate.java:171)
	at com.sun.xml.internal.ws.spi.ProviderImpl.createServiceDelegate(ProviderImpl.java:96)
	at javax.xml.ws.Service.<init>(Service.java:77)
	at javax.xml.ws.Service.create(Service.java:707)
	at nl.ordina.jtechnologies.wscursus.NawImplIT.doCreate(NawImplIT.java:79)
	at nl.ordina.jtechnologies.wscursus.NawImplIT.read(NawImplIT.java:145)
]]></error>
  </testcase>
  <testcase name="create_duplicates_not_allowed" classname="nl.ordina.jtechnologies.wscursus.NawImplIT" time="0.01">
    <error message="Failed to access the WSDL at: http://localhost:8080/opdracht4/NawService?wsdl. It failed with: &#10;	Got http://localhost:8080/opdracht4/NawService?wsdl while opening stream from http://localhost:8080/opdracht4/NawService?wsdl." type="javax.xml.ws.WebServiceException"><![CDATA[javax.xml.ws.WebServiceException: Failed to access the WSDL at: http://localhost:8080/opdracht4/NawService?wsdl. It failed with: 
	Got http://localhost:8080/opdracht4/NawService?wsdl while opening stream from http://localhost:8080/opdracht4/NawService?wsdl.
	at sun.net.www.protocol.http.HttpURLConnection.getInputStream(HttpURLConnection.java:1613)
	at java.net.URL.openStream(URL.java:1037)
	at com.sun.xml.internal.ws.wsdl.parser.RuntimeWSDLParser.createReader(RuntimeWSDLParser.java:827)
	at com.sun.xml.internal.ws.wsdl.parser.RuntimeWSDLParser.resolveWSDL(RuntimeWSDLParser.java:283)
	at com.sun.xml.internal.ws.wsdl.parser.RuntimeWSDLParser.parse(RuntimeWSDLParser.java:140)
	at com.sun.xml.internal.ws.wsdl.parser.RuntimeWSDLParser.parse(RuntimeWSDLParser.java:120)
	at com.sun.xml.internal.ws.client.WSServiceDelegate.parseWSDL(WSServiceDelegate.java:260)
	at com.sun.xml.internal.ws.client.WSServiceDelegate.<init>(WSServiceDelegate.java:223)
	at com.sun.xml.internal.ws.client.WSServiceDelegate.<init>(WSServiceDelegate.java:171)
	at com.sun.xml.internal.ws.spi.ProviderImpl.createServiceDelegate(ProviderImpl.java:96)
	at javax.xml.ws.Service.<init>(Service.java:77)
	at javax.xml.ws.Service.create(Service.java:707)
	at nl.ordina.jtechnologies.wscursus.NawImplIT.create_duplicates_not_allowed(NawImplIT.java:108)
]]></error>
  </testcase>
</testsuite>