<?xml version="1.0" encoding="UTF-8"?>
<testsuite name="nl.ordina.jtechnologies.wscursus.NawImplTest" time="0.006" tests="1" errors="0" skipped="0" failures="0">
  <properties>
    <property name="java.runtime.name" value="Java(TM) SE Runtime Environment"/>
    <property name="sun.boot.library.path" value="c:\wscursus\software\jdk1.7.0_09\jre\bin"/>
    <property name="java.vm.version" value="23.5-b02"/>
    <property name="user.country.format" value="NL"/>
    <property name="java.vm.vendor" value="Oracle Corporation"/>
    <property name="java.vendor.url" value="http://java.oracle.com/"/>
    <property name="path.separator" value=";"/>
    <property name="guice.disable.misplaced.annotation.check" value="true"/>
    <property name="java.vm.name" value="Java HotSpot(TM) 64-Bit Server VM"/>
    <property name="file.encoding.pkg" value="sun.io"/>
    <property name="user.script" value=""/>
    <property name="user.country" value="US"/>
    <property name="sun.java.launcher" value="SUN_STANDARD"/>
    <property name="sun.os.patch.level" value="Service Pack 1"/>
    <property name="java.vm.specification.name" value="Java Virtual Machine Specification"/>
    <property name="user.dir" value="C:\wscursus\workspace\opdracht4"/>
    <property name="java.runtime.version" value="1.7.0_09-b05"/>
    <property name="java.awt.graphicsenv" value="sun.awt.Win32GraphicsEnvironment"/>
    <property name="java.endorsed.dirs" value="c:\wscursus\software\jdk1.7.0_09\jre\lib\endorsed"/>
    <property name="os.arch" value="amd64"/>
    <property name="java.io.tmpdir" value="C:\Users\rjo19873\AppData\Local\Temp\"/>
    <property name="line.separator" value="&#10;"/>
    <property name="java.vm.specification.vendor" value="Oracle Corporation"/>
    <property name="user.variant" value=""/>
    <property name="os.name" value="Windows 7"/>
    <property name="classworlds.conf" value="c:\wscursus\software\apache-maven-3.0.5\bin\m2.conf"/>
    <property name="sun.jnu.encoding" value="Cp1252"/>
    <property name="java.library.path" value="c:\wscursus\software\jdk1.7.0_09\bin;C:\Windows\Sun\Java\bin;C:\Windows\system32;C:\Windows;.;c:\wscursus;c:\wscursus\software\subversion;c:\wscursus\software\jdk1.7.0_09\bin;c:\wscursus\software\eclipse;c:\wscursus\software\soapui-4.5.1\bin;c:\wscursus\software\glassfish3\bin;c:\wscursus\software\apache-maven-3.0.5\bin;.;c:\wscursus;c:\wscursus\software\subversion;c:\wscursus\software\jdk1.7.0_09\bin;c:\wscursus\software\eclipse;c:\wscursus\software\soapui-4.5.1\bin;c:\wscursus\software\glassfish3\bin;c:\wscursus\software\apache-maven-3.0.5\bin;.;c:\wscursus;c:\wscursus\software\subversion;c:\wscursus\software\jdk1.7.0_09\bin;c:\wscursus\software\eclipse;c:\wscursus\software\soapui-4.5.1\bin;c:\wscursus\software\glassfish3\bin;c:\wscursus\software\apache-maven-3.0.5\bin;D:\Progra~1\OracleXE\app\oracle\product\11.2.0\server\bin;C:\Windows\system32;C:\Windows;C:\Windows\System32\Wbem;C:\Windows\System32\WindowsPowerShell\v1.0\;C:\Program Files (x86)\Microsoft Application Virtualization Client;C:\Program Files (x86)\ManageSoft\Common;C:\Program Files\Java\jdk1.7.0_03\bin;D:\Program Files\maven-3.0.4\bin;C:\Program Files (x86)\Android\android-sdk\platform-tools;C:\Program Files (x86)\Microsoft SQL Server\100\Tools\Binn\;C:\Program Files\Microsoft SQL Server\100\Tools\Binn\;C:\Program Files\Microsoft SQL Server\100\DTS\Binn\;C:\Program Files (x86)\scala\\bin;C:\Program Files (x86)\Calibre2\;C:\Program Files (x86)\sbt\;D:\Progra~1\Groovy-2.0.5\bin;C:\Program Files\TortoiseSVN\bin;C:\Program Files\SlikSvn\bin;."/>
    <property name="java.specification.name" value="Java Platform API Specification"/>
    <property name="java.class.version" value="51.0"/>
    <property name="sun.management.compiler" value="HotSpot 64-Bit Tiered Compilers"/>
    <property name="os.version" value="6.1"/>
    <property name="user.home" value="D:\Data\rjo19873"/>
    <property name="user.timezone" value="Europe/Berlin"/>
    <property name="java.awt.printerjob" value="sun.awt.windows.WPrinterJob"/>
    <property name="java.specification.version" value="1.7"/>
    <property name="file.encoding" value="Cp1252"/>
    <property name="user.name" value="rjo19873"/>
    <property name="java.class.path" value="C:\wscursus\workspace\opdracht4\target\classes;C:\wscursus\m2_repo\nl\ordina\jtechnologies\wscursus\naw\1.1-SNAPSHOT\naw-1.1-SNAPSHOT.jar;"/>
    <property name="java.vm.specification.version" value="1.7"/>
    <property name="sun.arch.data.model" value="64"/>
    <property name="java.home" value="c:\wscursus\software\jdk1.7.0_09\jre"/>
    <property name="sun.java.command" value="org.codehaus.plexus.classworlds.launcher.Launcher -s C:\wscursus\software\apache-maven-3.0.5\conf\settings.xml clean install"/>
    <property name="java.specification.vendor" value="Oracle Corporation"/>
    <property name="user.language" value="en"/>
    <property name="user.language.format" value="nl"/>
    <property name="awt.toolkit" value="sun.awt.windows.WToolkit"/>
    <property name="java.vm.info" value="mixed mode"/>
    <property name="java.version" value="1.7.0_09"/>
    <property name="java.ext.dirs" value="c:\wscursus\software\jdk1.7.0_09\jre\lib\ext;C:\Windows\Sun\Java\lib\ext"/>
    <property name="sun.boot.class.path" value="c:\wscursus\software\jdk1.7.0_09\jre\lib\resources.jar;c:\wscursus\software\jdk1.7.0_09\jre\lib\rt.jar;c:\wscursus\software\jdk1.7.0_09\jre\lib\sunrsasign.jar;c:\wscursus\software\jdk1.7.0_09\jre\lib\jsse.jar;c:\wscursus\software\jdk1.7.0_09\jre\lib\jce.jar;c:\wscursus\software\jdk1.7.0_09\jre\lib\charsets.jar;c:\wscursus\software\jdk1.7.0_09\jre\lib\jfr.jar;c:\wscursus\software\jdk1.7.0_09\jre\classes"/>
    <property name="java.vendor" value="Oracle Corporation"/>
    <property name="maven.home" value="c:\wscursus\software\apache-maven-3.0.5"/>
    <property name="file.separator" value="\"/>
    <property name="java.vendor.url.bug" value="http://bugreport.sun.com/bugreport/"/>
    <property name="sun.cpu.endian" value="little"/>
    <property name="sun.io.unicode.encoding" value="UnicodeLittle"/>
    <property name="sun.desktop" value="windows"/>
    <property name="sun.cpu.isalist" value="amd64"/>
  </properties>
  <testcase name="testConstructor" classname="nl.ordina.jtechnologies.wscursus.NawImplTest" time="0.006"/>
</testsuite>